2022-01-29 02:10:54,316  INFO Microsoft.Hosting.Lifetime.MoveNext [0] - MESSAGE: Now listening on: https://localhost:5001
 2022-01-29 02:10:54,446  INFO Microsoft.Hosting.Lifetime.MoveNext [0] - MESSAGE: Now listening on: http://localhost:5000
 2022-01-29 02:10:54,451  INFO Microsoft.Hosting.Lifetime.OnApplicationStarted [0] - MESSAGE: Application started. Press Ctrl+C to shut down.
 2022-01-29 02:10:54,456  INFO Microsoft.Hosting.Lifetime.OnApplicationStarted [0] - MESSAGE: Hosting environment: Development
 2022-01-29 02:10:54,459  INFO Microsoft.Hosting.Lifetime.OnApplicationStarted [0] - MESSAGE: Content root path: E:\Freelance\DentalCenterAPI
 2022-01-29 02:11:06,369 ERROR Microsoft.AspNetCore.Server.Kestrel.? [?] - MESSAGE: Connection id "0HMF2NF8IVC6P", Request id "0HMF2NF8IVC6P:00000005": An unhandled exception was thrown by the application.
 Swashbuckle.AspNetCore.SwaggerGen.SwaggerGeneratorException: Conflicting method/path combination "PUT admin/v1/famoussection/{famousSectionid}" for actions - DentalCenterAPI.Controllers.Admin.FamousSection.AdminFamousSectionController.Update (DentalCenterAPI),DentalCenterAPI.Controllers.Admin.FamousSection.AdminFamousSectionController.Delete (DentalCenterAPI). Actions require a unique method/path combination for Swagger/OpenAPI 3.0. Use ConflictingActionsResolver as a workaround
   at Swashbuckle.AspNetCore.SwaggerGen.SwaggerGenerator.GenerateOperations(IEnumerable`1 apiDescriptions, SchemaRepository schemaRepository)
   at Swashbuckle.AspNetCore.SwaggerGen.SwaggerGenerator.GeneratePaths(IEnumerable`1 apiDescriptions, SchemaRepository schemaRepository)
   at Swashbuckle.AspNetCore.SwaggerGen.SwaggerGenerator.GetSwagger(String documentName, String host, String basePath)
   at Swashbuckle.AspNetCore.Swagger.SwaggerMiddleware.Invoke(HttpContext httpContext, ISwaggerProvider swaggerProvider)
   at Microsoft.AspNetCore.Server.Kestrel.Core.Internal.Http.HttpProtocol.ProcessRequests[TContext](IHttpApplication`1 application)
2022-01-29 02:11:31,718  INFO Microsoft.Hosting.Lifetime.MoveNext [0] - MESSAGE: Now listening on: https://localhost:5001
 2022-01-29 02:11:31,857  INFO Microsoft.Hosting.Lifetime.MoveNext [0] - MESSAGE: Now listening on: http://localhost:5000
 2022-01-29 02:11:31,862  INFO Microsoft.Hosting.Lifetime.OnApplicationStarted [0] - MESSAGE: Application started. Press Ctrl+C to shut down.
 2022-01-29 02:11:31,866  INFO Microsoft.Hosting.Lifetime.OnApplicationStarted [0] - MESSAGE: Hosting environment: Development
 2022-01-29 02:11:31,872  INFO Microsoft.Hosting.Lifetime.OnApplicationStarted [0] - MESSAGE: Content root path: E:\Freelance\DentalCenterAPI
 2022-01-29 02:13:13,442 DEBUG DentalCenterAPI.Configurations.Logging.Logger.Debug [24] - MESSAGE: AutoMapper.AutoMapperMappingException: Error mapping types.

Mapping types:
Object -> IEnumerable`1
System.Object -> System.Collections.Generic.IEnumerable`1[[DentalCenterAPI.Models.FamousSection.Basic.FamousSectionImageBasicModel, DentalCenterAPI, Version=1.0.0.0, Culture=neutral, PublicKeyToken=null]]
 ---> AutoMapper.AutoMapperMappingException: Missing type map configuration or unsupported mapping.

Mapping types:
FamousSectionImageBusinessModel -> FamousSectionImageBasicModel
DentalCenterAPI.Models.FamousSection.Business.FamousSectionImageBusinessModel -> DentalCenterAPI.Models.FamousSection.Basic.FamousSectionImageBasicModel
   at lambda_method19(Closure , FamousSectionImageBusinessModel , FamousSectionImageBasicModel , ResolutionContext )
   at lambda_method18(Closure , Object , IEnumerable`1 , ResolutionContext )
   --- End of inner exception stack trace ---
   at lambda_method18(Closure , Object , IEnumerable`1 , ResolutionContext )
   at DentalCenterAPI.Services.FamousSectionImage.FamousSectionImageService.AddAndDeleteAsync(Guid famousSectionID, IEnumerable`1 model) in E:\Freelance\DentalCenterAPI\DentalCenterAPI\Services\FamousSectionImage\FamousSectionImageService.cs:line 35
 2022-01-29 02:13:28,943 DEBUG DentalCenterAPI.Configurations.Logging.Logger.Debug [24] - MESSAGE: AutoMapper.AutoMapperMappingException: Error mapping types.

Mapping types:
Object -> IEnumerable`1
System.Object -> System.Collections.Generic.IEnumerable`1[[DentalCenterAPI.Models.FamousSection.Basic.FamousSectionImageBasicModel, DentalCenterAPI, Version=1.0.0.0, Culture=neutral, PublicKeyToken=null]]
 ---> AutoMapper.AutoMapperMappingException: Missing type map configuration or unsupported mapping.

Mapping types:
FamousSectionImageBusinessModel -> FamousSectionImageBasicModel
DentalCenterAPI.Models.FamousSection.Business.FamousSectionImageBusinessModel -> DentalCenterAPI.Models.FamousSection.Basic.FamousSectionImageBasicModel
   at lambda_method19(Closure , FamousSectionImageBusinessModel , FamousSectionImageBasicModel , ResolutionContext )
   at lambda_method18(Closure , Object , IEnumerable`1 , ResolutionContext )
   --- End of inner exception stack trace ---
   at lambda_method18(Closure , Object , IEnumerable`1 , ResolutionContext )
   at DentalCenterAPI.Services.FamousSectionImage.FamousSectionImageService.AddAndDeleteAsync(Guid famousSectionID, IEnumerable`1 model) in E:\Freelance\DentalCenterAPI\DentalCenterAPI\Services\FamousSectionImage\FamousSectionImageService.cs:line 35
 2022-01-29 02:13:35,286 DEBUG DentalCenterAPI.Configurations.Logging.Logger.Debug [24] - MESSAGE: AutoMapper.AutoMapperMappingException: Error mapping types.

Mapping types:
Object -> IEnumerable`1
System.Object -> System.Collections.Generic.IEnumerable`1[[DentalCenterAPI.Models.FamousSection.Basic.FamousSectionImageBasicModel, DentalCenterAPI, Version=1.0.0.0, Culture=neutral, PublicKeyToken=null]]
 ---> AutoMapper.AutoMapperMappingException: Missing type map configuration or unsupported mapping.

Mapping types:
FamousSectionImageBusinessModel -> FamousSectionImageBasicModel
DentalCenterAPI.Models.FamousSection.Business.FamousSectionImageBusinessModel -> DentalCenterAPI.Models.FamousSection.Basic.FamousSectionImageBasicModel
   at lambda_method19(Closure , FamousSectionImageBusinessModel , FamousSectionImageBasicModel , ResolutionContext )
   at lambda_method18(Closure , Object , IEnumerable`1 , ResolutionContext )
   --- End of inner exception stack trace ---
   at lambda_method18(Closure , Object , IEnumerable`1 , ResolutionContext )
   at DentalCenterAPI.Services.FamousSectionImage.FamousSectionImageService.AddAndDeleteAsync(Guid famousSectionID, IEnumerable`1 model) in E:\Freelance\DentalCenterAPI\DentalCenterAPI\Services\FamousSectionImage\FamousSectionImageService.cs:line 35
 2022-01-29 02:13:38,873 DEBUG DentalCenterAPI.Configurations.Logging.Logger.Debug [24] - MESSAGE: AutoMapper.AutoMapperMappingException: Error mapping types.

Mapping types:
Object -> IEnumerable`1
System.Object -> System.Collections.Generic.IEnumerable`1[[DentalCenterAPI.Models.FamousSection.Basic.FamousSectionImageBasicModel, DentalCenterAPI, Version=1.0.0.0, Culture=neutral, PublicKeyToken=null]]
 ---> AutoMapper.AutoMapperMappingException: Missing type map configuration or unsupported mapping.

Mapping types:
FamousSectionImageBusinessModel -> FamousSectionImageBasicModel
DentalCenterAPI.Models.FamousSection.Business.FamousSectionImageBusinessModel -> DentalCenterAPI.Models.FamousSection.Basic.FamousSectionImageBasicModel
   at lambda_method19(Closure , FamousSectionImageBusinessModel , FamousSectionImageBasicModel , ResolutionContext )
   at lambda_method18(Closure , Object , IEnumerable`1 , ResolutionContext )
   --- End of inner exception stack trace ---
   at lambda_method18(Closure , Object , IEnumerable`1 , ResolutionContext )
   at DentalCenterAPI.Services.FamousSectionImage.FamousSectionImageService.AddAndDeleteAsync(Guid famousSectionID, IEnumerable`1 model) in E:\Freelance\DentalCenterAPI\DentalCenterAPI\Services\FamousSectionImage\FamousSectionImageService.cs:line 35
 2022-01-29 02:13:42,611 DEBUG DentalCenterAPI.Configurations.Logging.Logger.Debug [24] - MESSAGE: AutoMapper.AutoMapperMappingException: Error mapping types.

Mapping types:
Object -> IEnumerable`1
System.Object -> System.Collections.Generic.IEnumerable`1[[DentalCenterAPI.Models.FamousSection.Basic.FamousSectionImageBasicModel, DentalCenterAPI, Version=1.0.0.0, Culture=neutral, PublicKeyToken=null]]
 ---> AutoMapper.AutoMapperMappingException: Missing type map configuration or unsupported mapping.

Mapping types:
FamousSectionImageBusinessModel -> FamousSectionImageBasicModel
DentalCenterAPI.Models.FamousSection.Business.FamousSectionImageBusinessModel -> DentalCenterAPI.Models.FamousSection.Basic.FamousSectionImageBasicModel
   at lambda_method19(Closure , FamousSectionImageBusinessModel , FamousSectionImageBasicModel , ResolutionContext )
   at lambda_method18(Closure , Object , IEnumerable`1 , ResolutionContext )
   --- End of inner exception stack trace ---
   at lambda_method18(Closure , Object , IEnumerable`1 , ResolutionContext )
   at DentalCenterAPI.Services.FamousSectionImage.FamousSectionImageService.AddAndDeleteAsync(Guid famousSectionID, IEnumerable`1 model) in E:\Freelance\DentalCenterAPI\DentalCenterAPI\Services\FamousSectionImage\FamousSectionImageService.cs:line 35
 2022-01-29 02:19:14,607  INFO Microsoft.Hosting.Lifetime.MoveNext [0] - MESSAGE: Now listening on: https://localhost:5001
 2022-01-29 02:19:14,700  INFO Microsoft.Hosting.Lifetime.MoveNext [0] - MESSAGE: Now listening on: http://localhost:5000
 2022-01-29 02:19:14,705  INFO Microsoft.Hosting.Lifetime.OnApplicationStarted [0] - MESSAGE: Application started. Press Ctrl+C to shut down.
 2022-01-29 02:19:14,709  INFO Microsoft.Hosting.Lifetime.OnApplicationStarted [0] - MESSAGE: Hosting environment: Development
 2022-01-29 02:19:14,713  INFO Microsoft.Hosting.Lifetime.OnApplicationStarted [0] - MESSAGE: Content root path: E:\Freelance\DentalCenterAPI
 2022-01-29 02:19:26,245 DEBUG DentalCenterAPI.Configurations.Logging.Logger.Debug [24] - MESSAGE: Microsoft.Data.SqlClient.SqlException (0x80131904): Invalid object name 'facmoussectionimage'.
   at Microsoft.Data.SqlClient.SqlConnection.OnError(SqlException exception, Boolean breakConnection, Action`1 wrapCloseInAction)
   at Microsoft.Data.SqlClient.SqlInternalConnection.OnError(SqlException exception, Boolean breakConnection, Action`1 wrapCloseInAction)
   at Microsoft.Data.SqlClient.TdsParser.ThrowExceptionAndWarning(TdsParserStateObject stateObj, Boolean callerHasConnectionLock, Boolean asyncClose)
   at Microsoft.Data.SqlClient.TdsParser.TryRun(RunBehavior runBehavior, SqlCommand cmdHandler, SqlDataReader dataStream, BulkCopySimpleResultSet bulkCopyHandler, TdsParserStateObject stateObj, Boolean& dataReady)
   at Microsoft.Data.SqlClient.SqlCommand.FinishExecuteReader(SqlDataReader ds, RunBehavior runBehavior, String resetOptionsString, Boolean isInternal, Boolean forDescribeParameterEncryption, Boolean shouldCacheForAlwaysEncrypted)
   at Microsoft.Data.SqlClient.SqlCommand.CompleteAsyncExecuteReader(Boolean isInternal, Boolean forDescribeParameterEncryption)
   at Microsoft.Data.SqlClient.SqlCommand.InternalEndExecuteNonQuery(IAsyncResult asyncResult, Boolean isInternal, String endMethod)
   at Microsoft.Data.SqlClient.SqlCommand.EndExecuteNonQueryInternal(IAsyncResult asyncResult)
   at Microsoft.Data.SqlClient.SqlCommand.EndExecuteNonQueryAsync(IAsyncResult asyncResult)
   at System.Threading.Tasks.TaskFactory`1.FromAsyncCoreLogic(IAsyncResult iar, Func`2 endFunction, Action`1 endAction, Task`1 promise, Boolean requiresSynchronization)
--- End of stack trace from previous location ---
   at Dapper.SqlMapper.ExecuteImplAsync(IDbConnection cnn, CommandDefinition command, Object param) in /_/Dapper/SqlMapper.Async.cs:line 646
   at DentalCenterAPI.Repository.FamousSectionImage.FamousSectionImageRepository.DeleteByFamousSectionIDAsync(Guid facmousSectionID) in E:\Freelance\DentalCenterAPI\DentalCenterAPI\Repository\FamousSectionImage\FamousSectionImageRepository.cs:line 38
   at DentalCenterAPI.Services.FamousSectionImage.FamousSectionImageService.DeleteByFamousSectionIDAsync(Guid famousSectionID) in E:\Freelance\DentalCenterAPI\DentalCenterAPI\Services\FamousSectionImage\FamousSectionImageService.cs:line 62
ClientConnectionId:41d26f53-caa9-41be-ba6a-90bd23c515fe
Error Number:208,State:1,Class:16
 2022-01-29 02:19:26,385 DEBUG DentalCenterAPI.Configurations.Logging.Logger.Debug [24] - MESSAGE: Microsoft.Data.SqlClient.SqlException (0x80131904): Invalid object name 'dbo.facmoussectionimage'.
   at Microsoft.Data.SqlClient.SqlConnection.OnError(SqlException exception, Boolean breakConnection, Action`1 wrapCloseInAction)
   at Microsoft.Data.SqlClient.SqlInternalConnection.OnError(SqlException exception, Boolean breakConnection, Action`1 wrapCloseInAction)
   at Microsoft.Data.SqlClient.TdsParser.ThrowExceptionAndWarning(TdsParserStateObject stateObj, Boolean callerHasConnectionLock, Boolean asyncClose)
   at Microsoft.Data.SqlClient.TdsParser.TryRun(RunBehavior runBehavior, SqlCommand cmdHandler, SqlDataReader dataStream, BulkCopySimpleResultSet bulkCopyHandler, TdsParserStateObject stateObj, Boolean& dataReady)
   at Microsoft.Data.SqlClient.SqlCommand.FinishExecuteReader(SqlDataReader ds, RunBehavior runBehavior, String resetOptionsString, Boolean isInternal, Boolean forDescribeParameterEncryption, Boolean shouldCacheForAlwaysEncrypted)
   at Microsoft.Data.SqlClient.SqlCommand.CompleteAsyncExecuteReader(Boolean isInternal, Boolean forDescribeParameterEncryption)
   at Microsoft.Data.SqlClient.SqlCommand.InternalEndExecuteNonQuery(IAsyncResult asyncResult, Boolean isInternal, String endMethod)
   at Microsoft.Data.SqlClient.SqlCommand.EndExecuteNonQueryInternal(IAsyncResult asyncResult)
   at Microsoft.Data.SqlClient.SqlCommand.EndExecuteNonQueryAsync(IAsyncResult asyncResult)
   at System.Threading.Tasks.TaskFactory`1.FromAsyncCoreLogic(IAsyncResult iar, Func`2 endFunction, Action`1 endAction, Task`1 promise, Boolean requiresSynchronization)
--- End of stack trace from previous location ---
   at Dapper.SqlMapper.ExecuteMultiImplAsync(IDbConnection cnn, CommandDefinition command, IEnumerable multiExec) in /_/Dapper/SqlMapper.Async.cs:line 624
   at DentalCenterAPI.Repository.FamousSectionImage.FamousSectionImageRepository.AddAsync(IEnumerable`1 model) in E:\Freelance\DentalCenterAPI\DentalCenterAPI\Repository\FamousSectionImage\FamousSectionImageRepository.cs:line 24
   at DentalCenterAPI.Services.FamousSectionImage.FamousSectionImageService.AddAndDeleteAsync(Guid famousSectionID, IEnumerable`1 model) in E:\Freelance\DentalCenterAPI\DentalCenterAPI\Services\FamousSectionImage\FamousSectionImageService.cs:line 43
ClientConnectionId:41d26f53-caa9-41be-ba6a-90bd23c515fe
Error Number:208,State:1,Class:16
 2022-01-29 02:19:31,694 DEBUG DentalCenterAPI.Configurations.Logging.Logger.Debug [24] - MESSAGE: Microsoft.Data.SqlClient.SqlException (0x80131904): Invalid object name 'facmoussectionimage'.
   at Microsoft.Data.SqlClient.SqlConnection.OnError(SqlException exception, Boolean breakConnection, Action`1 wrapCloseInAction)
   at Microsoft.Data.SqlClient.SqlInternalConnection.OnError(SqlException exception, Boolean breakConnection, Action`1 wrapCloseInAction)
   at Microsoft.Data.SqlClient.TdsParser.ThrowExceptionAndWarning(TdsParserStateObject stateObj, Boolean callerHasConnectionLock, Boolean asyncClose)
   at Microsoft.Data.SqlClient.TdsParser.TryRun(RunBehavior runBehavior, SqlCommand cmdHandler, SqlDataReader dataStream, BulkCopySimpleResultSet bulkCopyHandler, TdsParserStateObject stateObj, Boolean& dataReady)
   at Microsoft.Data.SqlClient.SqlCommand.FinishExecuteReader(SqlDataReader ds, RunBehavior runBehavior, String resetOptionsString, Boolean isInternal, Boolean forDescribeParameterEncryption, Boolean shouldCacheForAlwaysEncrypted)
   at Microsoft.Data.SqlClient.SqlCommand.CompleteAsyncExecuteReader(Boolean isInternal, Boolean forDescribeParameterEncryption)
   at Microsoft.Data.SqlClient.SqlCommand.InternalEndExecuteNonQuery(IAsyncResult asyncResult, Boolean isInternal, String endMethod)
   at Microsoft.Data.SqlClient.SqlCommand.EndExecuteNonQueryInternal(IAsyncResult asyncResult)
   at Microsoft.Data.SqlClient.SqlCommand.EndExecuteNonQueryAsync(IAsyncResult asyncResult)
   at System.Threading.Tasks.TaskFactory`1.FromAsyncCoreLogic(IAsyncResult iar, Func`2 endFunction, Action`1 endAction, Task`1 promise, Boolean requiresSynchronization)
--- End of stack trace from previous location ---
   at Dapper.SqlMapper.ExecuteImplAsync(IDbConnection cnn, CommandDefinition command, Object param) in /_/Dapper/SqlMapper.Async.cs:line 646
   at DentalCenterAPI.Repository.FamousSectionImage.FamousSectionImageRepository.DeleteByFamousSectionIDAsync(Guid facmousSectionID) in E:\Freelance\DentalCenterAPI\DentalCenterAPI\Repository\FamousSectionImage\FamousSectionImageRepository.cs:line 38
   at DentalCenterAPI.Services.FamousSectionImage.FamousSectionImageService.DeleteByFamousSectionIDAsync(Guid famousSectionID) in E:\Freelance\DentalCenterAPI\DentalCenterAPI\Services\FamousSectionImage\FamousSectionImageService.cs:line 62
ClientConnectionId:41d26f53-caa9-41be-ba6a-90bd23c515fe
Error Number:208,State:1,Class:16
 2022-01-29 02:19:31,778 DEBUG DentalCenterAPI.Configurations.Logging.Logger.Debug [24] - MESSAGE: Microsoft.Data.SqlClient.SqlException (0x80131904): Invalid object name 'dbo.facmoussectionimage'.
   at Microsoft.Data.SqlClient.SqlConnection.OnError(SqlException exception, Boolean breakConnection, Action`1 wrapCloseInAction)
   at Microsoft.Data.SqlClient.SqlInternalConnection.OnError(SqlException exception, Boolean breakConnection, Action`1 wrapCloseInAction)
   at Microsoft.Data.SqlClient.TdsParser.ThrowExceptionAndWarning(TdsParserStateObject stateObj, Boolean callerHasConnectionLock, Boolean asyncClose)
   at Microsoft.Data.SqlClient.TdsParser.TryRun(RunBehavior runBehavior, SqlCommand cmdHandler, SqlDataReader dataStream, BulkCopySimpleResultSet bulkCopyHandler, TdsParserStateObject stateObj, Boolean& dataReady)
   at Microsoft.Data.SqlClient.SqlCommand.FinishExecuteReader(SqlDataReader ds, RunBehavior runBehavior, String resetOptionsString, Boolean isInternal, Boolean forDescribeParameterEncryption, Boolean shouldCacheForAlwaysEncrypted)
   at Microsoft.Data.SqlClient.SqlCommand.CompleteAsyncExecuteReader(Boolean isInternal, Boolean forDescribeParameterEncryption)
   at Microsoft.Data.SqlClient.SqlCommand.InternalEndExecuteNonQuery(IAsyncResult asyncResult, Boolean isInternal, String endMethod)
   at Microsoft.Data.SqlClient.SqlCommand.EndExecuteNonQueryInternal(IAsyncResult asyncResult)
   at Microsoft.Data.SqlClient.SqlCommand.EndExecuteNonQueryAsync(IAsyncResult asyncResult)
   at System.Threading.Tasks.TaskFactory`1.FromAsyncCoreLogic(IAsyncResult iar, Func`2 endFunction, Action`1 endAction, Task`1 promise, Boolean requiresSynchronization)
--- End of stack trace from previous location ---
   at Dapper.SqlMapper.ExecuteMultiImplAsync(IDbConnection cnn, CommandDefinition command, IEnumerable multiExec) in /_/Dapper/SqlMapper.Async.cs:line 624
   at DentalCenterAPI.Repository.FamousSectionImage.FamousSectionImageRepository.AddAsync(IEnumerable`1 model) in E:\Freelance\DentalCenterAPI\DentalCenterAPI\Repository\FamousSectionImage\FamousSectionImageRepository.cs:line 24
   at DentalCenterAPI.Services.FamousSectionImage.FamousSectionImageService.AddAndDeleteAsync(Guid famousSectionID, IEnumerable`1 model) in E:\Freelance\DentalCenterAPI\DentalCenterAPI\Services\FamousSectionImage\FamousSectionImageService.cs:line 43
ClientConnectionId:41d26f53-caa9-41be-ba6a-90bd23c515fe
Error Number:208,State:1,Class:16
 2022-01-29 02:19:52,277 DEBUG DentalCenterAPI.Configurations.Logging.Logger.Debug [24] - MESSAGE: Microsoft.Data.SqlClient.SqlException (0x80131904): Invalid object name 'facmoussectionimage'.
   at Microsoft.Data.SqlClient.SqlConnection.OnError(SqlException exception, Boolean breakConnection, Action`1 wrapCloseInAction)
   at Microsoft.Data.SqlClient.SqlInternalConnection.OnError(SqlException exception, Boolean breakConnection, Action`1 wrapCloseInAction)
   at Microsoft.Data.SqlClient.TdsParser.ThrowExceptionAndWarning(TdsParserStateObject stateObj, Boolean callerHasConnectionLock, Boolean asyncClose)
   at Microsoft.Data.SqlClient.TdsParser.TryRun(RunBehavior runBehavior, SqlCommand cmdHandler, SqlDataReader dataStream, BulkCopySimpleResultSet bulkCopyHandler, TdsParserStateObject stateObj, Boolean& dataReady)
   at Microsoft.Data.SqlClient.SqlCommand.FinishExecuteReader(SqlDataReader ds, RunBehavior runBehavior, String resetOptionsString, Boolean isInternal, Boolean forDescribeParameterEncryption, Boolean shouldCacheForAlwaysEncrypted)
   at Microsoft.Data.SqlClient.SqlCommand.CompleteAsyncExecuteReader(Boolean isInternal, Boolean forDescribeParameterEncryption)
   at Microsoft.Data.SqlClient.SqlCommand.InternalEndExecuteNonQuery(IAsyncResult asyncResult, Boolean isInternal, String endMethod)
   at Microsoft.Data.SqlClient.SqlCommand.EndExecuteNonQueryInternal(IAsyncResult asyncResult)
   at Microsoft.Data.SqlClient.SqlCommand.EndExecuteNonQueryAsync(IAsyncResult asyncResult)
   at System.Threading.Tasks.TaskFactory`1.FromAsyncCoreLogic(IAsyncResult iar, Func`2 endFunction, Action`1 endAction, Task`1 promise, Boolean requiresSynchronization)
--- End of stack trace from previous location ---
   at Dapper.SqlMapper.ExecuteImplAsync(IDbConnection cnn, CommandDefinition command, Object param) in /_/Dapper/SqlMapper.Async.cs:line 646
   at DentalCenterAPI.Repository.FamousSectionImage.FamousSectionImageRepository.DeleteByFamousSectionIDAsync(Guid facmousSectionID) in E:\Freelance\DentalCenterAPI\DentalCenterAPI\Repository\FamousSectionImage\FamousSectionImageRepository.cs:line 38
   at DentalCenterAPI.Services.FamousSectionImage.FamousSectionImageService.DeleteByFamousSectionIDAsync(Guid famousSectionID) in E:\Freelance\DentalCenterAPI\DentalCenterAPI\Services\FamousSectionImage\FamousSectionImageService.cs:line 62
ClientConnectionId:41d26f53-caa9-41be-ba6a-90bd23c515fe
Error Number:208,State:1,Class:16
 2022-01-29 02:19:56,294 DEBUG DentalCenterAPI.Configurations.Logging.Logger.Debug [24] - MESSAGE: Microsoft.Data.SqlClient.SqlException (0x80131904): Invalid object name 'dbo.facmoussectionimage'.
   at Microsoft.Data.SqlClient.SqlConnection.OnError(SqlException exception, Boolean breakConnection, Action`1 wrapCloseInAction)
   at Microsoft.Data.SqlClient.SqlInternalConnection.OnError(SqlException exception, Boolean breakConnection, Action`1 wrapCloseInAction)
   at Microsoft.Data.SqlClient.TdsParser.ThrowExceptionAndWarning(TdsParserStateObject stateObj, Boolean callerHasConnectionLock, Boolean asyncClose)
   at Microsoft.Data.SqlClient.TdsParser.TryRun(RunBehavior runBehavior, SqlCommand cmdHandler, SqlDataReader dataStream, BulkCopySimpleResultSet bulkCopyHandler, TdsParserStateObject stateObj, Boolean& dataReady)
   at Microsoft.Data.SqlClient.SqlCommand.FinishExecuteReader(SqlDataReader ds, RunBehavior runBehavior, String resetOptionsString, Boolean isInternal, Boolean forDescribeParameterEncryption, Boolean shouldCacheForAlwaysEncrypted)
   at Microsoft.Data.SqlClient.SqlCommand.CompleteAsyncExecuteReader(Boolean isInternal, Boolean forDescribeParameterEncryption)
   at Microsoft.Data.SqlClient.SqlCommand.InternalEndExecuteNonQuery(IAsyncResult asyncResult, Boolean isInternal, String endMethod)
   at Microsoft.Data.SqlClient.SqlCommand.EndExecuteNonQueryInternal(IAsyncResult asyncResult)
   at Microsoft.Data.SqlClient.SqlCommand.EndExecuteNonQueryAsync(IAsyncResult asyncResult)
   at System.Threading.Tasks.TaskFactory`1.FromAsyncCoreLogic(IAsyncResult iar, Func`2 endFunction, Action`1 endAction, Task`1 promise, Boolean requiresSynchronization)
--- End of stack trace from previous location ---
   at Dapper.SqlMapper.ExecuteMultiImplAsync(IDbConnection cnn, CommandDefinition command, IEnumerable multiExec) in /_/Dapper/SqlMapper.Async.cs:line 624
   at DentalCenterAPI.Repository.FamousSectionImage.FamousSectionImageRepository.AddAsync(IEnumerable`1 model) in E:\Freelance\DentalCenterAPI\DentalCenterAPI\Repository\FamousSectionImage\FamousSectionImageRepository.cs:line 24
   at DentalCenterAPI.Services.FamousSectionImage.FamousSectionImageService.AddAndDeleteAsync(Guid famousSectionID, IEnumerable`1 model) in E:\Freelance\DentalCenterAPI\DentalCenterAPI\Services\FamousSectionImage\FamousSectionImageService.cs:line 43
ClientConnectionId:41d26f53-caa9-41be-ba6a-90bd23c515fe
Error Number:208,State:1,Class:16
 2022-01-29 02:21:02,214  INFO Microsoft.Hosting.Lifetime.MoveNext [0] - MESSAGE: Now listening on: https://localhost:5001
 2022-01-29 02:21:02,311  INFO Microsoft.Hosting.Lifetime.MoveNext [0] - MESSAGE: Now listening on: http://localhost:5000
 2022-01-29 02:21:02,315  INFO Microsoft.Hosting.Lifetime.OnApplicationStarted [0] - MESSAGE: Application started. Press Ctrl+C to shut down.
 2022-01-29 02:21:02,321  INFO Microsoft.Hosting.Lifetime.OnApplicationStarted [0] - MESSAGE: Hosting environment: Development
 2022-01-29 02:21:02,326  INFO Microsoft.Hosting.Lifetime.OnApplicationStarted [0] - MESSAGE: Content root path: E:\Freelance\DentalCenterAPI
 2022-01-29 02:21:10,405 DEBUG DentalCenterAPI.Configurations.Logging.Logger.Debug [24] - MESSAGE: Microsoft.Data.SqlClient.SqlException (0x80131904): Cannot insert the value NULL into column 'facmoussectionimageid', table 'DentalCenterDB.dbo.famoussectionimage'; column does not allow nulls. INSERT fails.
The statement has been terminated.
   at Microsoft.Data.SqlClient.SqlConnection.OnError(SqlException exception, Boolean breakConnection, Action`1 wrapCloseInAction)
   at Microsoft.Data.SqlClient.SqlInternalConnection.OnError(SqlException exception, Boolean breakConnection, Action`1 wrapCloseInAction)
   at Microsoft.Data.SqlClient.TdsParser.ThrowExceptionAndWarning(TdsParserStateObject stateObj, Boolean callerHasConnectionLock, Boolean asyncClose)
   at Microsoft.Data.SqlClient.TdsParser.TryRun(RunBehavior runBehavior, SqlCommand cmdHandler, SqlDataReader dataStream, BulkCopySimpleResultSet bulkCopyHandler, TdsParserStateObject stateObj, Boolean& dataReady)
   at Microsoft.Data.SqlClient.SqlCommand.FinishExecuteReader(SqlDataReader ds, RunBehavior runBehavior, String resetOptionsString, Boolean isInternal, Boolean forDescribeParameterEncryption, Boolean shouldCacheForAlwaysEncrypted)
   at Microsoft.Data.SqlClient.SqlCommand.CompleteAsyncExecuteReader(Boolean isInternal, Boolean forDescribeParameterEncryption)
   at Microsoft.Data.SqlClient.SqlCommand.InternalEndExecuteNonQuery(IAsyncResult asyncResult, Boolean isInternal, String endMethod)
   at Microsoft.Data.SqlClient.SqlCommand.EndExecuteNonQueryInternal(IAsyncResult asyncResult)
   at Microsoft.Data.SqlClient.SqlCommand.EndExecuteNonQueryAsync(IAsyncResult asyncResult)
   at System.Threading.Tasks.TaskFactory`1.FromAsyncCoreLogic(IAsyncResult iar, Func`2 endFunction, Action`1 endAction, Task`1 promise, Boolean requiresSynchronization)
--- End of stack trace from previous location ---
   at Dapper.SqlMapper.ExecuteMultiImplAsync(IDbConnection cnn, CommandDefinition command, IEnumerable multiExec) in /_/Dapper/SqlMapper.Async.cs:line 624
   at DentalCenterAPI.Repository.FamousSectionImage.FamousSectionImageRepository.AddAsync(IEnumerable`1 model) in E:\Freelance\DentalCenterAPI\DentalCenterAPI\Repository\FamousSectionImage\FamousSectionImageRepository.cs:line 24
   at DentalCenterAPI.Services.FamousSectionImage.FamousSectionImageService.AddAndDeleteAsync(Guid famousSectionID, IEnumerable`1 model) in E:\Freelance\DentalCenterAPI\DentalCenterAPI\Services\FamousSectionImage\FamousSectionImageService.cs:line 43
ClientConnectionId:d356a952-ab82-42dd-aa8e-4bc9e54e6795
Error Number:515,State:2,Class:16
 2022-01-29 02:22:30,317 DEBUG DentalCenterAPI.Configurations.Logging.Logger.Debug [24] - MESSAGE: Microsoft.Data.SqlClient.SqlException (0x80131904): Cannot insert the value NULL into column 'facmoussectionimageid', table 'DentalCenterDB.dbo.famoussectionimage'; column does not allow nulls. INSERT fails.
The statement has been terminated.
   at Microsoft.Data.SqlClient.SqlConnection.OnError(SqlException exception, Boolean breakConnection, Action`1 wrapCloseInAction)
   at Microsoft.Data.SqlClient.SqlInternalConnection.OnError(SqlException exception, Boolean breakConnection, Action`1 wrapCloseInAction)
   at Microsoft.Data.SqlClient.TdsParser.ThrowExceptionAndWarning(TdsParserStateObject stateObj, Boolean callerHasConnectionLock, Boolean asyncClose)
   at Microsoft.Data.SqlClient.TdsParser.TryRun(RunBehavior runBehavior, SqlCommand cmdHandler, SqlDataReader dataStream, BulkCopySimpleResultSet bulkCopyHandler, TdsParserStateObject stateObj, Boolean& dataReady)
   at Microsoft.Data.SqlClient.SqlCommand.FinishExecuteReader(SqlDataReader ds, RunBehavior runBehavior, String resetOptionsString, Boolean isInternal, Boolean forDescribeParameterEncryption, Boolean shouldCacheForAlwaysEncrypted)
   at Microsoft.Data.SqlClient.SqlCommand.CompleteAsyncExecuteReader(Boolean isInternal, Boolean forDescribeParameterEncryption)
   at Microsoft.Data.SqlClient.SqlCommand.InternalEndExecuteNonQuery(IAsyncResult asyncResult, Boolean isInternal, String endMethod)
   at Microsoft.Data.SqlClient.SqlCommand.EndExecuteNonQueryInternal(IAsyncResult asyncResult)
   at Microsoft.Data.SqlClient.SqlCommand.EndExecuteNonQueryAsync(IAsyncResult asyncResult)
   at System.Threading.Tasks.TaskFactory`1.FromAsyncCoreLogic(IAsyncResult iar, Func`2 endFunction, Action`1 endAction, Task`1 promise, Boolean requiresSynchronization)
--- End of stack trace from previous location ---
   at Dapper.SqlMapper.ExecuteMultiImplAsync(IDbConnection cnn, CommandDefinition command, IEnumerable multiExec) in /_/Dapper/SqlMapper.Async.cs:line 624
   at DentalCenterAPI.Repository.FamousSectionImage.FamousSectionImageRepository.AddAsync(IEnumerable`1 model) in E:\Freelance\DentalCenterAPI\DentalCenterAPI\Repository\FamousSectionImage\FamousSectionImageRepository.cs:line 24
   at DentalCenterAPI.Services.FamousSectionImage.FamousSectionImageService.AddAndDeleteAsync(Guid famousSectionID, IEnumerable`1 model) in E:\Freelance\DentalCenterAPI\DentalCenterAPI\Services\FamousSectionImage\FamousSectionImageService.cs:line 43
ClientConnectionId:d356a952-ab82-42dd-aa8e-4bc9e54e6795
Error Number:515,State:2,Class:16
 